<<<<<<< HEAD
2018-03-05 15:50:40 log: SELECT * 
					FROM `order_detail`
					WHERE `Name` like'%Thắm%'
2018-03-05 15:50:59 log: SELECT * 
					FROM `order_detail`
					WHERE `Email` like'%asdasdsad%'
2018-03-05 15:51:11 log: SELECT * 
					FROM `order_detail`
					WHERE `PhoneNum` like'%996%'
2018-03-05 15:51:22 log: SELECT * 
					FROM `order_detail`
					WHERE `Address` like'%250%'
2018-03-05 15:51:27 log: SELECT * 
					FROM `order_detail`
					WHERE `Address` like'%a%'
2018-03-05 15:51:34 log: SELECT * 
					FROM `order_detail`
					WHERE `Address` like'%hụuhjuyh%'
2018-03-05 16:07:10 log: 20 - 1 - 15
=======
2018-03-05 09:42:17 log: 43 - 3 - 13
2018-03-05 09:42:18 log: 63 - 3 - 
2018-03-05 09:46:58 log: 43 - 3 - 14
2018-03-05 09:46:59 log: 63 - 3 - 14
2018-03-05 12:56:26 log: 20 - 1 - 15
2018-03-05 12:56:26 log: 2 - 1 - 15
2018-03-05 14:35:02 log: 11 - 1 - 18
2018-03-05 15:13:15 log: 11 - 1 - 19
2018-03-05 16:42:43 log: 12 - 1 - 22
>>>>>>> 5f31ddf65cb1ef563e7b9153e97bcac8900d3995
